<?xml version="1.0" encoding="UTF-8"?>
<testsuite xmlns:xsi="http://www.w3.org/2001/XMLSchema-instance" xsi:noNamespaceSchemaLocation="https://maven.apache.org/surefire/maven-surefire-plugin/xsd/surefire-test-report.xsd" name="com.dreamtank.maven.AppTest" time="0.06" tests="1" errors="0" skipped="0" failures="0">
  <properties>
    <property name="java.specification.version" value="20"/>
    <property name="sun.jnu.encoding" value="UTF-8"/>
    <property name="java.class.path" value="/Users/dreamtank/maven-workspace/spaceVideo/pro03-maven-parent/pro05-maven-module/target/test-classes:/Users/dreamtank/maven-workspace/spaceVideo/pro03-maven-parent/pro05-maven-module/target/classes:/Users/dreamtank/.m2/repository/junit/junit/4.11/junit-4.11.jar:/Users/dreamtank/.m2/repository/org/hamcrest/hamcrest-core/1.3/hamcrest-core-1.3.jar:/Users/dreamtank/.m2/repository/org/springframework/spring-expression/6.0.10/spring-expression-6.0.10.jar:/Users/dreamtank/.m2/repository/org/springframework/spring-core/6.0.10/spring-core-6.0.10.jar:/Users/dreamtank/.m2/repository/org/springframework/spring-jcl/6.0.10/spring-jcl-6.0.10.jar:"/>
    <property name="java.vm.vendor" value="Oracle Corporation"/>
    <property name="sun.arch.data.model" value="64"/>
    <property name="java.vendor.url" value="https://java.oracle.com/"/>
    <property name="os.name" value="Mac OS X"/>
    <property name="java.vm.specification.version" value="20"/>
    <property name="sun.java.launcher" value="SUN_STANDARD"/>
    <property name="user.country" value="JP"/>
    <property name="sun.boot.library.path" value="/Users/dreamtank/Library/Java/JavaVirtualMachines/openjdk-20.0.1/Contents/Home/lib"/>
    <property name="sun.java.command" value="/Users/dreamtank/maven-workspace/spaceVideo/pro03-maven-parent/pro05-maven-module/target/surefire/surefirebooter10650981170571682737.jar /Users/dreamtank/maven-workspace/spaceVideo/pro03-maven-parent/pro05-maven-module/target/surefire 2023-08-03T16-49-45_595-jvmRun1 surefire16319459974777647615tmp surefire_13031055647421470433tmp"/>
    <property name="http.nonProxyHosts" value="local|*.local|169.254/16|*.169.254/16"/>
    <property name="jdk.debug" value="release"/>
    <property name="surefire.test.class.path" value="/Users/dreamtank/maven-workspace/spaceVideo/pro03-maven-parent/pro05-maven-module/target/test-classes:/Users/dreamtank/maven-workspace/spaceVideo/pro03-maven-parent/pro05-maven-module/target/classes:/Users/dreamtank/.m2/repository/junit/junit/4.11/junit-4.11.jar:/Users/dreamtank/.m2/repository/org/hamcrest/hamcrest-core/1.3/hamcrest-core-1.3.jar:/Users/dreamtank/.m2/repository/org/springframework/spring-expression/6.0.10/spring-expression-6.0.10.jar:/Users/dreamtank/.m2/repository/org/springframework/spring-core/6.0.10/spring-core-6.0.10.jar:/Users/dreamtank/.m2/repository/org/springframework/spring-jcl/6.0.10/spring-jcl-6.0.10.jar:"/>
    <property name="sun.cpu.endian" value="little"/>
    <property name="user.home" value="/Users/dreamtank"/>
    <property name="user.language" value="ja"/>
    <property name="java.specification.vendor" value="Oracle Corporation"/>
    <property name="java.version.date" value="2023-04-18"/>
    <property name="java.home" value="/Users/dreamtank/Library/Java/JavaVirtualMachines/openjdk-20.0.1/Contents/Home"/>
    <property name="file.separator" value="/"/>
    <property name="basedir" value="/Users/dreamtank/maven-workspace/spaceVideo/pro03-maven-parent/pro05-maven-module"/>
    <property name="java.vm.compressedOopsMode" value="Zero based"/>
    <property name="line.separator" value="&#10;"/>
    <property name="java.vm.specification.vendor" value="Oracle Corporation"/>
    <property name="java.specification.name" value="Java Platform API Specification"/>
    <property name="apple.awt.application.name" value="ForkedBooter"/>
    <property name="surefire.real.class.path" value="/Users/dreamtank/maven-workspace/spaceVideo/pro03-maven-parent/pro05-maven-module/target/surefire/surefirebooter10650981170571682737.jar"/>
    <property name="sun.management.compiler" value="HotSpot 64-Bit Tiered Compilers"/>
    <property name="ftp.nonProxyHosts" value="local|*.local|169.254/16|*.169.254/16"/>
    <property name="java.runtime.version" value="20.0.1+9-29"/>
    <property name="user.name" value="dreamtank"/>
    <property name="stdout.encoding" value="UTF-8"/>
    <property name="path.separator" value=":"/>
    <property name="os.version" value="13.4.1"/>
    <property name="java.runtime.name" value="OpenJDK Runtime Environment"/>
    <property name="file.encoding" value="UTF-8"/>
    <property name="java.vm.name" value="OpenJDK 64-Bit Server VM"/>
    <property name="localRepository" value="/Users/dreamtank/.m2/repository"/>
    <property name="java.vendor.url.bug" value="https://bugreport.java.com/bugreport/"/>
    <property name="java.io.tmpdir" value="/var/folders/_m/kzc3zyr1599cdjfv75pxtpmr0000gn/T/"/>
    <property name="idea.version" value="2023.1.4"/>
    <property name="java.version" value="20.0.1"/>
    <property name="user.dir" value="/Users/dreamtank/maven-workspace/spaceVideo/pro03-maven-parent/pro05-maven-module"/>
    <property name="os.arch" value="x86_64"/>
    <property name="java.vm.specification.name" value="Java Virtual Machine Specification"/>
    <property name="native.encoding" value="UTF-8"/>
    <property name="java.library.path" value="/Users/dreamtank/Library/Java/Extensions:/Library/Java/Extensions:/Network/Library/Java/Extensions:/System/Library/Java/Extensions:/usr/lib/java:."/>
    <property name="java.vm.info" value="mixed mode, sharing"/>
    <property name="stderr.encoding" value="UTF-8"/>
    <property name="java.vendor" value="Oracle Corporation"/>
    <property name="java.vm.version" value="20.0.1+9-29"/>
    <property name="sun.io.unicode.encoding" value="UnicodeBig"/>
    <property name="socksNonProxyHosts" value="local|*.local|169.254/16|*.169.254/16"/>
    <property name="java.class.version" value="64.0"/>
  </properties>
  <testcase name="shouldAnswerWithTrue" classname="com.dreamtank.maven.AppTest" time="0.004"/>
</testsuite>